<?xml version="1.0" encoding="UTF-8"?>
<testng-results ignored="0" total="2" passed="2" failed="0" skipped="0">
  <reporter-output>
  </reporter-output>
  <suite started-at="2022-04-14T16:47:32 IST" name="Default suite" finished-at="2022-04-14T16:47:53 IST" duration-ms="21826">
    <groups>
    </groups>
    <test started-at="2022-04-14T16:47:32 IST" name="Default test" finished-at="2022-04-14T16:47:53 IST" duration-ms="21826">
      <class name="com.runner.TestRunner">
        <test-method is-config="true" signature="beforeClass()[pri:0, instance:com.runner.TestRunner@306e95ec]" started-at="2022-04-14T16:47:32 IST" name="beforeClass" finished-at="2022-04-14T16:47:42 IST" duration-ms="10284" status="PASS">
          <reporter-output>
          </reporter-output>
        </test-method> <!-- beforeClass -->
        <test-method signature="IfLinksAvail()[pri:1, instance:com.runner.TestRunner@306e95ec]" started-at="2022-04-14T16:47:42 IST" name="IfLinksAvail" finished-at="2022-04-14T16:47:42 IST" duration-ms="75" status="PASS">
          <reporter-output>
          </reporter-output>
        </test-method> <!-- IfLinksAvail -->
        <test-method signature="verify4o4Link()[pri:2, instance:com.runner.TestRunner@306e95ec]" started-at="2022-04-14T16:47:42 IST" name="verify4o4Link" finished-at="2022-04-14T16:47:49 IST" duration-ms="7198" status="PASS">
          <reporter-output>
          </reporter-output>
        </test-method> <!-- verify4o4Link -->
        <test-method is-config="true" signature="afterClass()[pri:0, instance:com.runner.TestRunner@306e95ec]" started-at="2022-04-14T16:47:49 IST" name="afterClass" finished-at="2022-04-14T16:47:53 IST" duration-ms="4206" status="PASS">
          <reporter-output>
          </reporter-output>
        </test-method> <!-- afterClass -->
      </class> <!-- com.runner.TestRunner -->
    </test> <!-- Default test -->
  </suite> <!-- Default suite -->
</testng-results>
